[debug] [2021-03-16T07:28:53.537Z] ----------------------------------------------------------------------
[debug] [2021-03-16T07:28:53.539Z] Command:       C:\Program Files\nodejs\node.exe C:\Users\user\AppData\Roaming\npm\node_modules\firebase-tools\lib\bin\firebase.js init
[debug] [2021-03-16T07:28:53.539Z] CLI Version:   9.6.1
[debug] [2021-03-16T07:28:53.539Z] Platform:      win32
[debug] [2021-03-16T07:28:53.539Z] Node Version:  v14.16.0
[debug] [2021-03-16T07:28:53.540Z] Time:          Tue Mar 16 2021 13:13:53 GMT+0545 (Nepal Time)
[debug] [2021-03-16T07:28:53.541Z] ----------------------------------------------------------------------
[debug] [2021-03-16T07:28:53.541Z] 
[debug] [2021-03-16T07:28:53.548Z] > command requires scopes: ["email","openid","https://www.googleapis.com/auth/cloudplatformprojects.readonly","https://www.googleapis.com/auth/firebase","https://www.googleapis.com/auth/cloud-platform"]
[debug] [2021-03-16T07:28:53.548Z] > authorizing via signed-in user
[info] 
     ######## #### ########  ######## ########     ###     ######  ########
     ##        ##  ##     ## ##       ##     ##  ##   ##  ##       ##
     ######    ##  ########  ######   ########  #########  ######  ######
     ##        ##  ##    ##  ##       ##     ## ##     ##       ## ##
     ##       #### ##     ## ######## ########  ##     ##  ######  ########

You're about to initialize a Firebase project in this directory:

  C:\Users\user

Before we get started, keep in mind:

  * You are initializing in an existing Firebase project directory

[info] 
=== Project Setup
[info] 
[info] First, let's associate this project directory with a Firebase project.
[info] You can create multiple project aliases by running firebase use --add, 
[info] but for now we'll just set up a default project.
[info] 
[info] i  .firebaserc already has a default project, using mahaboob-alam-100d2. 
[debug] [2021-03-16T07:28:58.152Z] >>> [apiv2][query] GET https://firebase.googleapis.com/v1beta1/projects/mahaboob-alam-100d2 [none]
[debug] [2021-03-16T07:28:59.314Z] <<< [apiv2][status] GET https://firebase.googleapis.com/v1beta1/projects/mahaboob-alam-100d2 200
[debug] [2021-03-16T07:28:59.315Z] <<< [apiv2][body] GET https://firebase.googleapis.com/v1beta1/projects/mahaboob-alam-100d2 {"projectId":"mahaboob-alam-100d2","projectNumber":"873192399837","displayName":"mahaboob-alam","name":"projects/mahaboob-alam-100d2","resources":{"hostingSite":"mahaboob-alam-100d2"},"state":"ACTIVE"}
[info] 
=== Hosting Setup
[info] 
[info] Your public directory is the folder (relative to your project directory) that
[info] will contain Hosting assets to be uploaded with firebase deploy. If you
[info] have a build process for your assets, use your build's output directory.
[info] 
